{
  "0 debug pnpm:scope": {
    "selected": 1
  },
  "1 info pnpm": {
    "err": {
      "name": "Error",
      "message": "not found: instll",
      "code": "ENOENT",
      "stack": "Error: not found: instll\n    at getNotFoundError (/usr/local/pnpm-global/5/node_modules/.pnpm/pnpm@6.15.2/node_modules/pnpm/dist/pnpm.cjs:47807:51)\n    at Function.whichSync [as sync] (/usr/local/pnpm-global/5/node_modules/.pnpm/pnpm@6.15.2/node_modules/pnpm/dist/pnpm.cjs:47884:13)\n    at getCommandAbsolutePathSync (/usr/local/pnpm-global/5/node_modules/.pnpm/pnpm@6.15.2/node_modules/pnpm/dist/pnpm.cjs:49449:44)\n    at Object.default_1 [as default] (/usr/local/pnpm-global/5/node_modules/.pnpm/pnpm@6.15.2/node_modules/pnpm/dist/pnpm.cjs:49458:32)\n    at /usr/local/pnpm-global/5/node_modules/.pnpm/pnpm@6.15.2/node_modules/pnpm/dist/pnpm.cjs:129756:34"
    }
  },
  "2 error pnpm": {
    "code": "ERR_PNPM_RECURSIVE_EXEC_FIRST_FAIL",
    "prefix": "/home/workspace/reactjs/coding-practices/cowinDashboard",
    "err": {
      "name": "pnpm",
      "message": "not found: instll",
      "code": "ERR_PNPM_RECURSIVE_EXEC_FIRST_FAIL",
      "stack": "Error: not found: instll\n    at getNotFoundError (/usr/local/pnpm-global/5/node_modules/.pnpm/pnpm@6.15.2/node_modules/pnpm/dist/pnpm.cjs:47807:51)\n    at Function.whichSync [as sync] (/usr/local/pnpm-global/5/node_modules/.pnpm/pnpm@6.15.2/node_modules/pnpm/dist/pnpm.cjs:47884:13)\n    at getCommandAbsolutePathSync (/usr/local/pnpm-global/5/node_modules/.pnpm/pnpm@6.15.2/node_modules/pnpm/dist/pnpm.cjs:49449:44)\n    at Object.default_1 [as default] (/usr/local/pnpm-global/5/node_modules/.pnpm/pnpm@6.15.2/node_modules/pnpm/dist/pnpm.cjs:49458:32)\n    at /usr/local/pnpm-global/5/node_modules/.pnpm/pnpm@6.15.2/node_modules/pnpm/dist/pnpm.cjs:129756:34"
    }
  }
}